<?xml version="1.0" encoding="UTF-8"?>
<!-- Generated by org.testng.reporters.JUnitReportReporter -->
<testsuite skipped="0" hostname="SunnyBunny-PC" name="seleniumtestfw.webdriver.SmokeTest" tests="4" failures="1" timestamp="07 Jan 2019 19:56:32 GMT" time="62.712" errors="0">
  <testcase name="VerifyGmail" time="1.824" classname="seleniumtestfw.webdriver.SmokeTest"/>
  <testcase name="GmailLogin" time="8.293" classname="seleniumtestfw.webdriver.SmokeTest"/>
  <testcase name="clickgoogleapps" time="0.606" classname="seleniumtestfw.webdriver.SmokeTest"/>
  <testcase name="googleapps" time="51.989" classname="seleniumtestfw.webdriver.SmokeTest">
    <failure type="com.applitools.eyes.exceptions.DiffsFoundException" message="Test &#039;mail page&#039; of &#039;gmailapp&#039; detected differences! See details at: https://eyes.applitools.com/app/batches/00000251855409878966/00000251855409878841?accountId=l9PF2X9AhEy6VpeYN7EGZQ~~">
      <![CDATA[com.applitools.eyes.exceptions.DiffsFoundException: Test 'mail page' of 'gmailapp' detected differences! See details at: https://eyes.applitools.com/app/batches/00000251855409878966/00000251855409878841?accountId=l9PF2X9AhEy6VpeYN7EGZQ~~
at com.applitools.eyes.EyesBase.close(EyesBase.java:793)
at com.applitools.eyes.EyesBase.close(EyesBase.java:735)
at seleniumtestfw.webdriver.SmokeTest.googleapps(SmokeTest.java:88)
at sun.reflect.NativeMethodAccessorImpl.invoke0(Native Method)
at sun.reflect.NativeMethodAccessorImpl.invoke(Unknown Source)
at sun.reflect.DelegatingMethodAccessorImpl.invoke(Unknown Source)
at java.lang.reflect.Method.invoke(Unknown Source)
at org.testng.internal.MethodInvocationHelper.invokeMethod(MethodInvocationHelper.java:124)
at org.testng.internal.Invoker.invokeMethod(Invoker.java:580)
at org.testng.internal.Invoker.invokeTestMethod(Invoker.java:716)
at org.testng.internal.Invoker.invokeTestMethods(Invoker.java:988)
at org.testng.internal.TestMethodWorker.invokeTestMethods(TestMethodWorker.java:125)
at org.testng.internal.TestMethodWorker.run(TestMethodWorker.java:109)
at org.testng.TestRunner.privateRun(TestRunner.java:648)
at org.testng.TestRunner.run(TestRunner.java:505)
at org.testng.SuiteRunner.runTest(SuiteRunner.java:455)
at org.testng.SuiteRunner.runSequentially(SuiteRunner.java:450)
at org.testng.SuiteRunner.privateRun(SuiteRunner.java:415)
at org.testng.SuiteRunner.run(SuiteRunner.java:364)
at org.testng.SuiteRunnerWorker.runSuite(SuiteRunnerWorker.java:52)
at org.testng.SuiteRunnerWorker.run(SuiteRunnerWorker.java:84)
at org.testng.TestNG.runSuitesSequentially(TestNG.java:1208)
at org.testng.TestNG.runSuitesLocally(TestNG.java:1137)
at org.testng.TestNG.runSuites(TestNG.java:1049)
at org.testng.TestNG.run(TestNG.java:1017)
at org.testng.remote.AbstractRemoteTestNG.run(AbstractRemoteTestNG.java:114)
at org.testng.remote.RemoteTestNG.initAndRun(RemoteTestNG.java:251)
at org.testng.remote.RemoteTestNG.main(RemoteTestNG.java:77)
]]>
    </failure>
  </testcase> <!-- googleapps -->
</testsuite> <!-- seleniumtestfw.webdriver.SmokeTest -->
